15/08/2019 10:38:30;EC;EVERTON;JOAO EVERTON DE ARAUJO MELO
15/08/2019 10:43:33;EC;EVERTON;JOAO EVERTON DE ARAUJO MELO
15/08/2019 11:23:32;GO;JOSUEL;JOSUEL NUNES DA SILVA
15/08/2019 11:58:55;EC;EVERTON;JOAO EVERTON DE ARAUJO MELO
15/08/2019 12:04:08;EC;EVERTON;JOAO EVERTON DE ARAUJO MELO
15/08/2019 12:04:34;EC;EVERTON;JOAO EVERTON DE ARAUJO MELO
15/08/2019 12:05:22;EC;EVERTON;JOAO EVERTON DE ARAUJO MELO
15/08/2019 12:05:56;EC;EVERTON;JOAO EVERTON DE ARAUJO MELO
15/08/2019 11:49:45;JF;VINICIUS;VINICIUS SOUZA SANTANA 
15/08/2019 12:18:48;M1;TAVARES;CLAUDECIO EULALIO TAVARES
15/08/2019 12:26:26;EC;EVERTON;JOAO EVERTON DE ARAUJO MELO
15/08/2019 12:27:35;M1;TAVARES;CLAUDECIO EULALIO TAVARES
15/08/2019 12:29:51;M1;TAVARES;CLAUDECIO EULALIO TAVARES
15/08/2019 12:30:25;SA;RIBEIROBA;LUIS RIBEIRO DA SILVA
15/08/2019 12:32:30;SA;RIBEIROBA;LUIS RIBEIRO DA SILVA
15/08/2019 12:35:27;M1;TAVARES;CLAUDECIO EULALIO TAVARES
15/08/2019 12:37:51;FZ;DANIELCE;DANIEL RABELO GONCALVES
15/08/2019 12:38:19;M1;TAVARES;CLAUDECIO EULALIO TAVARES
15/08/2019 12:39:30;FZ;CAIOCE;WENDELL CAIO TAVARES CRUZ
15/08/2019 12:39:41;FZ;CELSO;CELSO DE SANTANA VIEIRA
15/08/2019 12:41:44;FZ;ARAUJOCE;FRANCIMILSON DE ARAUJO
15/08/2019 12:45:19;FZ;JORGE;JORGE HENRIQUE CLAUDIO BEZERRA
15/08/2019 12:45:37;FZ;JORGE;JORGE HENRIQUE CLAUDIO BEZERRA
15/08/2019 12:48:51;FZ;LEANDROCE;FRANCISCO LEANDRO CHAVES BATISTA
15/08/2019 12:55:39;FZ;MICHELCE;MICHEL DA SILVA MONTEIRO
15/08/2019 12:59:16;FZ;ALEANDRO;ALEANDRO DA SILVA MATOS
15/08/2019 13:03:17;FZ;LOPESCE;HOWARD LOPES RIBEIRO
15/08/2019 13:04:47;FZ;LOPESCE;HOWARD LOPES RIBEIRO
15/08/2019 13:05:26;FZ;LOPESCE;HOWARD LOPES RIBEIRO
15/08/2019 13:06:35;FZ;LOPESCE;HOWARD LOPES RIBEIRO
15/08/2019 13:07:00;FZ;LOPESCE;HOWARD LOPES RIBEIRO
15/08/2019 13:27:48;SL;FERNANDOMA;LUIZ FERNANDO ALVES FARIAS
15/08/2019 13:28:55;SL;FERNANDOMA;LUIZ FERNANDO ALVES FARIAS
15/08/2019 16:13:18;EC;EVERTON;JOAO EVERTON DE ARAUJO MELO
15/08/2019 16:42:35;SL;MAURO;MAURO DE FRANCA
15/08/2019 16:50:56;SL;NEYMA;NEYMAR TAVARES DE SOUSA SANTOS
15/08/2019 16:56:54;EC;EVERTON;JOAO EVERTON DE ARAUJO MELO
15/08/2019 17:01:07;CB;LEONARDO;LEONARDO AUGUSTO BRITO NASCIMENTO
15/08/2019 17:03:22;CB;ALEXMT;ALEX VALOIS DE SOUZA
15/08/2019 17:04:53;CB;MARCELO;MARCELO CASAL LEMOS
15/08/2019 17:09:48;CB;HEBER;HEBER ROGERIO DE ALMEIDA
15/08/2019 17:10:04;EC;EVERTON;JOAO EVERTON DE ARAUJO MELO
15/08/2019 17:11:47;CB;DIEGOMT;DIEGO QUEIROZ ALVES
15/08/2019 17:13:43;CB;ALMEIDA;RHEBERSON HALLY  DE ALMEIDA BORGES
15/08/2019 17:13:43;CB;ALEXMT;ALEX VALOIS DE SOUZA
15/08/2019 17:14:00;CB;JULIANOM;JULIANO AMARAL MATOS - FUNCIONARIO
15/08/2019 17:16:53;TE;LOPESIMP;ANTONIO LOPES MAGALHAES FILHO
15/08/2019 17:20:49;IM;RICARDOIMP;RICARDO DOS SANTOS CARDOSO
15/08/2019 17:30:07;IM;RICARDOIMP;RICARDO DOS SANTOS CARDOSO
15/08/2019 17:33:44;IM;ESILTON;ESILTON AQUINO ALMEIDA
15/08/2019 17:42:03;IM;ELI;ELI DA CONCEICAO SANTOS
15/08/2019 18:07:26;EC;EVERTON;JOAO EVERTON DE ARAUJO MELO
16/08/2019 07:57:02;TE;TICIANO;TICIANO DE SOUSA RIEDEL
16/08/2019 08:02:01;BH;ANDRELUIZ;ANDRE LUIZ FERNANDES
16/08/2019 08:04:02;TE;GUSTAVO;GUSTAVO DE SOUSA SOARES
16/08/2019 08:10:35;BH;EDILSON;EDILSON WAICHERT
16/08/2019 08:13:17;TE;LOYOLA;DANIEL LOIOLA DA SILVA
16/08/2019 08:14:01;TE;LOYOLA;DANIEL LOIOLA DA SILVA
16/08/2019 08:20:12;BH;VIANAMG;ADRIANO VIANA GOMES
16/08/2019 08:42:20;CG;FABIANOCG;FABIANO JOSE DA SILVA 
16/08/2019 08:45:17;SN;RAFAELPE;RAFAEL AUGUSTO DE ANDRADE
16/08/2019 08:50:31;MA;NEYAL;NEY ROBSON LIMA DE ARAUJO
16/08/2019 08:52:01;AR;LEALDO;LEALDO DOS SANTOS COSTA
16/08/2019 08:52:02;NA;SAMUELSD;SAMUEL SILVA DIAS
16/08/2019 08:52:41;AR;ANDERSONNS;ANDERSON NASCIMENTO DE SANTANA
16/08/2019 08:55:25;MA;FELIX;FRANCISCO FELIX DA SILVA NETO
16/08/2019 08:57:46;CG;FRANCINETE;FRANCINETE BEZERRA DONATO
16/08/2019 08:59:40;MA;ALEF;ALEF LUIZ SANTOS DA SILVA
16/08/2019 09:01:37;CG;MARCELOCG;MARCELO FERREIRA ARAUJO
16/08/2019 09:01:44;JN;JOSEJN;JOSE MIRANEUDO DE LIMA 
16/08/2019 09:01:45;SL;JAIRON;JAIRON SILVA DA CONCEIÇÃO
16/08/2019 09:02:20;AR;JUNIORSE;JUNIOR ANTONIO SILVA
16/08/2019 09:02:42;CG;ANDERSONCG;ANDERSON DIAS GONZAGA
16/08/2019 09:04:19;JN;JOSEMIR;JOSEMIR FERNANDES LEAL
16/08/2019 09:07:04;SA;CARVALHO;FLORISVALDO CARVALHO SOBRINHO
16/08/2019 09:07:04;IM;SAMUEL;SAMUEL FONTENELE DA SILVA
16/08/2019 09:07:17;CG;EMILIA;MARIA EMILIA DE ARAUJO PINHEIRO
16/08/2019 09:07:21;NA;WAGNER;WAGNER FRANCIS SILVA  SALES DE ANDRADE
16/08/2019 09:10:32;SL;NOE;NOE ALMEIDA DE OLIVEIRA
16/08/2019 09:10:49;JN;ANTONIOJN;ANTONIO CESAR MORAIS JUNIOR
16/08/2019 09:11:15;MA;FELIX;FRANCISCO FELIX DA SILVA NETO
16/08/2019 09:13:11;SL;NEYMA;NEYMAR TAVARES DE SOUSA SANTOS
16/08/2019 09:20:45;BH;EDILSON;EDILSON WAICHERT
16/08/2019 09:21:21;TE;LOPESIMP;ANTONIO LOPES MAGALHAES FILHO
16/08/2019 09:24:22;RE;SANDROPE;ALEXSANDRO EVANGELISTA DE LIRA
16/08/2019 09:24:36;AP;JEFFERSON;JEFFERSON COELHO DA SILVA 
16/08/2019 09:24:59;MA;EUDESGO;EUDES FRANCISCO RAMOS
16/08/2019 09:27:59;AP;ELDOSON;ELDOSON DA  CONCEICAO DUARTE
16/08/2019 09:29:03;RE;ADAILTON;ADAILTON LUSTOSA DA SILVA
16/08/2019 09:29:55;SL;MAURO;MAURO DE FRANCA
16/08/2019 09:30:28;AP;JHONNATAN;JHONNATAN NASCIMENTO EVARISTO
16/08/2019 09:31:06;MA;NEYAL;NEY ROBSON LIMA DE ARAUJO
16/08/2019 09:45:06;BH;ANDRELUIZ;ANDRE LUIZ FERNANDES
16/08/2019 09:51:14;LE;DOMINGOSMT;LUCAS DOMINGOS GALVÃO
16/08/2019 09:51:16;LE;ODINEYMT;ODINEY PAULO DA SILVA JUNIOR
16/08/2019 09:52:43;RJ;DIEGORJ;DIEGO PEREIRA RODRIGUES
16/08/2019 09:53:14;RJ;PAULORS;PAULO ROBERTO DA SILVA
16/08/2019 09:55:20;LE;LEOPOLDINO;LEOPOLDINO LUIZ PEREIRA RIBEIRO
16/08/2019 09:57:17;GO;ERICA;ERICA ALVES DE SOUSA
16/08/2019 09:58:50;RJ;CELIORJ;CELIO ALVES DE SOUSA
16/08/2019 09:59:01;EC;EVERTON;JOAO EVERTON DE ARAUJO MELO
16/08/2019 09:59:20;GO;ERICA;ERICA ALVES DE SOUSA
16/08/2019 10:01:38;RE;SAULOPE;SAULO DE FREITAS RAMOS
16/08/2019 10:04:55;TE;GUSTAVO;GUSTAVO DE SOUSA SOARES
16/08/2019 10:06:18;GO;ERICA;ERICA ALVES DE SOUSA
16/08/2019 10:09:21;RE;LUCASPE;LUCAS CAVALCANTI DE LIMA
16/08/2019 10:11:01;TE;GUSTAVO;GUSTAVO DE SOUSA SOARES
16/08/2019 10:17:03;GO;ERICA;ERICA ALVES DE SOUSA
16/08/2019 10:24:27;RJ;MAURICIORJ;MAURICIO SANTOS DE OLIVEIRA 
16/08/2019 10:25:23;RJ;MAURICIORJ;MAURICIO SANTOS DE OLIVEIRA 
16/08/2019 10:36:46;CB;MARCELO;MARCELO CASAL LEMOS
16/08/2019 10:41:18;TE;EDUARDOPI;CARLOS EDUARDO DOS SANTOS
16/08/2019 10:43:20;TE;EDUARDOPI;CARLOS EDUARDO DOS SANTOS
16/08/2019 10:43:33;TE;EDUARDOPI;CARLOS EDUARDO DOS SANTOS
16/08/2019 10:49:02;MB;VANESSA;VANESSA OLIVEIRA SANTOS
16/08/2019 10:52:21;MB;VALDECY;VALDECY LUIS DE FIGUEIREDO
16/08/2019 11:30:45;TE;LOYOLA;DANIEL LOIOLA DA SILVA
16/08/2019 11:30:51;TE;LOYOLA;DANIEL LOIOLA DA SILVA
16/08/2019 11:32:53;MA;FARLLYSON;FARLLYSON CLEYSON RODRIGUES SILVA
16/08/2019 11:34:53;MA;ALEF;ALEF LUIZ SANTOS DA SILVA
16/08/2019 12:44:58;BX;MONALIZA;MONALIZA ROSA DE LIMA
16/08/2019 13:13:39;AR;JOSEMARCIO;JOSE MARCIO REGHINE
16/08/2019 13:24:17;BX;ADRIANOPE;ADRIANO DE OLIVEIRA
16/08/2019 13:45:40;MB;ALCOFORADO;ANTONIO ALCOFORADO DE A JUNIOR
16/08/2019 14:23:41;RJ;DIEGORJ;DIEGO PEREIRA RODRIGUES
16/08/2019 14:41:32;MB;THYAGO;THYAGO DA SILVA FARIAS
16/08/2019 14:45:12;JN;ANTONIOJN;ANTONIO CESAR MORAIS JUNIOR
16/08/2019 14:53:25;EC;EVERTON;JOAO EVERTON DE ARAUJO MELO
16/08/2019 14:54:04;EC;EVERTON;JOAO EVERTON DE ARAUJO MELO
16/08/2019 14:54:11;EC;EVERTON;JOAO EVERTON DE ARAUJO MELO
16/08/2019 14:54:53;EC;EVERTON;JOAO EVERTON DE ARAUJO MELO
16/08/2019 14:55:19;EC;EVERTON;JOAO EVERTON DE ARAUJO MELO
16/08/2019 14:55:20;EC;EVERTON;JOAO EVERTON DE ARAUJO MELO
16/08/2019 15:04:17;EC;ADRIANAGO;ADRIANA SARNEIRO PEREIRA
16/08/2019 15:12:29;EC;EVERTON;JOAO EVERTON DE ARAUJO MELO
16/08/2019 15:14:12;EC;EMERSONADM;EMERSON MIRANDA CAMPOS 
16/08/2019 15:23:38;AR;LEALDO;LEALDO DOS SANTOS COSTA
16/08/2019 15:25:00;SL;NEYMA;NEYMAR TAVARES DE SOUSA SANTOS
16/08/2019 15:28:57;EC;FABIA;FABIA LUCIANA FERREIRA DA SILVA FALCAO
16/08/2019 15:40:17;AR;AXELLM;AXEL LUCAS MELO               
16/08/2019 16:01:10;BX;FABRICIOPB;FABRICIO ALVES BARROS
16/08/2019 16:06:58;VC;JONATHANAS;JONATHAN ALMEIDA SANTOS 
16/08/2019 16:25:12;RJ;MAURICIORJ;MAURICIO SANTOS DE OLIVEIRA 
16/08/2019 16:25:37;RJ;MAURICIORJ;MAURICIO SANTOS DE OLIVEIRA 
16/08/2019 16:34:12;MA;ANDERSONWS;ANDERSON WELLINGTON  DA SILVA FERNANDES
16/08/2019 16:34:31;SA;ALISSON;ALISSON SANTANA DOS SANTOS
16/08/2019 16:35:04;SA;JONAS;JONAS PEREIRA DA SILVA
16/08/2019 16:37:01;SA;JOAOLUCAS;JOAO LUCAS NASCIMENTO OLIVEIRA
16/08/2019 16:39:52;EC;EVERTON;JOAO EVERTON DE ARAUJO MELO
16/08/2019 16:41:38;EC;EVERTON;JOAO EVERTON DE ARAUJO MELO
16/08/2019 16:44:08;EC;EVERTON;JOAO EVERTON DE ARAUJO MELO
16/08/2019 17:00:33;M1;TAVARES;CLAUDECIO EULALIO TAVARES
16/08/2019 17:01:00;M1;TAVARES;CLAUDECIO EULALIO TAVARES
16/08/2019 17:12:45;EC;ADRIANAGO;ADRIANA SARNEIRO PEREIRA
16/08/2019 17:16:49;EC;EVERTON;JOAO EVERTON DE ARAUJO MELO
16/08/2019 17:16:56;EC;EVERTON;JOAO EVERTON DE ARAUJO MELO
16/08/2019 17:28:10;M1;TAVARES;CLAUDECIO EULALIO TAVARES
16/08/2019 17:29:49;JF;BRUNOJF;BRUNO HENRIQUE SOUZA DAS CHAGAS
16/08/2019 17:31:24;BH;EDUARDOMG;EDUARDO FERREIRA DOS SANTOS
16/08/2019 17:31:47;JF;BRUNOJF;BRUNO HENRIQUE SOUZA DAS CHAGAS
16/08/2019 17:33:20;CB;MARCELO;MARCELO CASAL LEMOS
16/08/2019 17:49:27;BH;EDUARDOMG;EDUARDO FERREIRA DOS SANTOS
16/08/2019 17:51:35;BH;EDUARDOMG;EDUARDO FERREIRA DOS SANTOS
17/08/2019 08:19:53;MA;GILMAMC;GILMA MARIA DA CONCEIÇÃO SANTOS
17/08/2019 08:34:47;M1;CHAVESPA;RONALD CHAVES DE LIMA
17/08/2019 08:40:09;EC;ROGERIO;ROGERIO PEREIRA MORAIS
17/08/2019 08:56:52;MA;NEYAL;NEY ROBSON LIMA DE ARAUJO
17/08/2019 08:58:20;CG;EMILIA;MARIA EMILIA DE ARAUJO PINHEIRO
17/08/2019 09:07:39;EC;EVERTON;JOAO EVERTON DE ARAUJO MELO
17/08/2019 09:08:07;EC;EVERTON;JOAO EVERTON DE ARAUJO MELO
17/08/2019 09:14:51;M1;TAVARES;CLAUDECIO EULALIO TAVARES
17/08/2019 10:16:25;EC;EVERTON;JOAO EVERTON DE ARAUJO MELO
17/08/2019 10:16:30;EC;EVERTON;JOAO EVERTON DE ARAUJO MELO
17/08/2019 10:24:41;EC;EMERSONADM;EMERSON MIRANDA CAMPOS 
17/08/2019 10:24:45;EC;EMERSONADM;EMERSON MIRANDA CAMPOS 
17/08/2019 10:26:43;EC;EMERSONADM;EMERSON MIRANDA CAMPOS 
17/08/2019 10:26:53;EC;EMERSONADM;EMERSON MIRANDA CAMPOS 
17/08/2019 10:30:23;EC;EMERSONADM;EMERSON MIRANDA CAMPOS 
17/08/2019 10:30:36;EC;EMERSONADM;EMERSON MIRANDA CAMPOS 
17/08/2019 10:30:58;EC;EVERTON;JOAO EVERTON DE ARAUJO MELO
17/08/2019 10:31:07;EC;EMERSONADM;EMERSON MIRANDA CAMPOS 
17/08/2019 10:49:21;TE;LOPESIMP;ANTONIO LOPES MAGALHAES FILHO
17/08/2019 11:00:27;RJ;CELIORJ;CELIO ALVES DE SOUSA
17/08/2019 11:33:11;CB;ALEXMT;ALEX VALOIS DE SOUZA
17/08/2019 11:54:01;BH;ANDRELUIZ;ANDRE LUIZ FERNANDES
17/08/2019 11:54:27;BH;ANDRELUIZ;ANDRE LUIZ FERNANDES
17/08/2019 13:10:52;AP;JEFFERSON;JEFFERSON COELHO DA SILVA 
19/08/2019 07:43:33;RJ;MAURICIORJ;MAURICIO SANTOS DE OLIVEIRA 
19/08/2019 07:55:19;BH;ANDRELUIZ;ANDRE LUIZ FERNANDES
19/08/2019 08:26:19;BX;EMMANUELLE;EMMANUELLE CARNEIRO DE MESQUITA
19/08/2019 08:38:44;TE;TICIANO;TICIANO DE SOUSA RIEDEL
19/08/2019 08:49:09;BX;FABRICIOPB;FABRICIO ALVES BARROS
19/08/2019 08:58:17;VC;JONATHANAS;JONATHAN ALMEIDA SANTOS 
19/08/2019 09:10:03;FZ;LOPESCE;HOWARD LOPES RIBEIRO
19/08/2019 09:13:15;MA;VALDO;CLAUDEVALDO RODRIGUES DE BARROS 
19/08/2019 09:14:45;MA;VALDO;CLAUDEVALDO RODRIGUES DE BARROS 
19/08/2019 09:23:08;EC;EVERTON;JOAO EVERTON DE ARAUJO MELO
19/08/2019 09:23:13;EC;EVERTON;JOAO EVERTON DE ARAUJO MELO
19/08/2019 09:43:02;AR;JOSEMARCIO;JOSE MARCIO REGHINE
19/08/2019 09:56:25;SA;ALISSON;ALISSON SANTANA DOS SANTOS
19/08/2019 10:06:22;MA;EUDESGO;EUDES FRANCISCO RAMOS
19/08/2019 10:26:24;RE;LUCASPE;LUCAS CAVALCANTI DE LIMA
19/08/2019 10:28:34;CG;FABIANOCG;FABIANO JOSE DA SILVA 
19/08/2019 10:33:16;EC;EVERTON;JOAO EVERTON DE ARAUJO MELO
19/08/2019 10:41:30;EC;EVERTON;JOAO EVERTON DE ARAUJO MELO
19/08/2019 10:45:49;EC;EVERTON;JOAO EVERTON DE ARAUJO MELO
19/08/2019 10:50:01;EC;EVERTON;JOAO EVERTON DE ARAUJO MELO
19/08/2019 10:55:28;EC;EVERTON;JOAO EVERTON DE ARAUJO MELO
19/08/2019 10:56:33;EC;EVERTON;JOAO EVERTON DE ARAUJO MELO
19/08/2019 10:58:40;EC;EVERTON;JOAO EVERTON DE ARAUJO MELO
19/08/2019 10:59:09;EC;EVERTON;JOAO EVERTON DE ARAUJO MELO
19/08/2019 10:59:17;EC;EVERTON;JOAO EVERTON DE ARAUJO MELO
19/08/2019 11:02:08;EC;EVERTON;JOAO EVERTON DE ARAUJO MELO
19/08/2019 11:09:34;EC;EVERTON;JOAO EVERTON DE ARAUJO MELO
19/08/2019 11:13:18;EC;EVERTON;JOAO EVERTON DE ARAUJO MELO
19/08/2019 11:14:55;EC;EVERTON;JOAO EVERTON DE ARAUJO MELO
19/08/2019 11:15:39;EC;EVERTON;JOAO EVERTON DE ARAUJO MELO
19/08/2019 11:16:05;EC;EVERTON;JOAO EVERTON DE ARAUJO MELO
19/08/2019 11:16:29;EC;EVERTON;JOAO EVERTON DE ARAUJO MELO
19/08/2019 11:16:49;EC;EVERTON;JOAO EVERTON DE ARAUJO MELO
19/08/2019 11:17:01;EC;EVERTON;JOAO EVERTON DE ARAUJO MELO
19/08/2019 11:17:38;EC;EVERTON;JOAO EVERTON DE ARAUJO MELO
19/08/2019 11:18:06;EC;EVERTON;JOAO EVERTON DE ARAUJO MELO
19/08/2019 11:18:45;EC;EVERTON;JOAO EVERTON DE ARAUJO MELO
19/08/2019 11:19:24;EC;EVERTON;JOAO EVERTON DE ARAUJO MELO
19/08/2019 11:19:43;EC;EVERTON;JOAO EVERTON DE ARAUJO MELO
19/08/2019 11:20:20;EC;EVERTON;JOAO EVERTON DE ARAUJO MELO
19/08/2019 11:20:48;EC;EVERTON;JOAO EVERTON DE ARAUJO MELO
19/08/2019 11:21:32;EC;EVERTON;JOAO EVERTON DE ARAUJO MELO
19/08/2019 11:22:21;EC;EVERTON;JOAO EVERTON DE ARAUJO MELO
19/08/2019 11:23:16;EC;EVERTON;JOAO EVERTON DE ARAUJO MELO
19/08/2019 11:25:28;M1;TAVARES;CLAUDECIO EULALIO TAVARES
19/08/2019 11:27:30;EC;EVERTON;JOAO EVERTON DE ARAUJO MELO
19/08/2019 11:28:43;CB;JOSEMT;JOSE RITA NETO
19/08/2019 11:45:31;EC;EVERTON;JOAO EVERTON DE ARAUJO MELO
19/08/2019 11:46:23;M1;TAVARES;CLAUDECIO EULALIO TAVARES
19/08/2019 12:02:57;AR;JOSEMARCIO;JOSE MARCIO REGHINE
19/08/2019 12:05:44;M1;TAVARES;CLAUDECIO EULALIO TAVARES
19/08/2019 12:17:29;BX;EMMANUELLE;EMMANUELLE CARNEIRO DE MESQUITA
19/08/2019 12:23:42;M1;ROGERIOM;ROGERIO MOTA ALVES
19/08/2019 12:39:09;BH;ANDRELUIZ;ANDRE LUIZ FERNANDES
19/08/2019 12:42:50;BH;AMAZILESMP;AMAZILES MARIA PEREIRA DUARTE 
19/08/2019 12:53:10;FZ;PATRICK;PATRICK DE FRANCA
19/08/2019 13:22:17;TE;LOPESIMP;ANTONIO LOPES MAGALHAES FILHO
19/08/2019 13:29:26;EC;ROGERIO;ROGERIO PEREIRA MORAIS
19/08/2019 13:48:28;CG;ANDERSONCG;ANDERSON DIAS GONZAGA
19/08/2019 13:48:57;BH;ANDRELUIZ;ANDRE LUIZ FERNANDES
19/08/2019 13:58:12;M1;TAVARES;CLAUDECIO EULALIO TAVARES
19/08/2019 14:00:02;VC;ELVISVC;ELVIS RIBEIRO GONCALVES
19/08/2019 14:00:42;VC;JONATHANAS;JONATHAN ALMEIDA SANTOS 
19/08/2019 14:05:30;SL;JAIRON;JAIRON SILVA DA CONCEIÇÃO
19/08/2019 14:13:03;GO;JOVERCINO;JOVERCINO J D A JUNIOR
19/08/2019 14:28:21;IM;RICARDOIMP;RICARDO DOS SANTOS CARDOSO
19/08/2019 14:49:52;CB;JULIANOM;JULIANO AMARAL MATOS - FUNCIONARIO
19/08/2019 15:02:42;EC;EVERTON;JOAO EVERTON DE ARAUJO MELO
19/08/2019 15:02:51;EC;EVERTON;JOAO EVERTON DE ARAUJO MELO
19/08/2019 15:19:46;SA;JOAOLUCAS;JOAO LUCAS NASCIMENTO OLIVEIRA
19/08/2019 15:22:10;SA;JOAOLUCAS;JOAO LUCAS NASCIMENTO OLIVEIRA
19/08/2019 15:23:45;SA;JOAOLUCAS;JOAO LUCAS NASCIMENTO OLIVEIRA
19/08/2019 15:24:53;EC;EVERTON;JOAO EVERTON DE ARAUJO MELO
19/08/2019 15:24:59;M1;FELIPE;FELIPE ALENCAR SILVA
19/08/2019 15:25:41;M1;HENRIQUEPA;JOSE HENRIQUE DA COSTA ALVES
19/08/2019 15:26:12;SA;JOAOLUCAS;JOAO LUCAS NASCIMENTO OLIVEIRA
19/08/2019 15:27:42;SA;JOAOLUCAS;JOAO LUCAS NASCIMENTO OLIVEIRA
19/08/2019 15:31:32;SA;CARVALHO;FLORISVALDO CARVALHO SOBRINHO
19/08/2019 15:33:08;M1;HENRIQUEPA;JOSE HENRIQUE DA COSTA ALVES
19/08/2019 15:33:42;M1;HENRIQUEPA;JOSE HENRIQUE DA COSTA ALVES
19/08/2019 15:37:12;SA;MARCUSBA;MARCUS VINICIUS LACERDA
19/08/2019 15:40:34;BH;BRUNA;BRUNA DANIELLE OLIVEIRA QUEIROZ
19/08/2019 15:41:44;FZ;LOPESCE;HOWARD LOPES RIBEIRO
19/08/2019 15:44:07;EC;EVERTON;JOAO EVERTON DE ARAUJO MELO
19/08/2019 15:45:54;EC;EVERTON;JOAO EVERTON DE ARAUJO MELO
19/08/2019 15:46:44;EC;EVERTON;JOAO EVERTON DE ARAUJO MELO
19/08/2019 15:47:16;EC;EVERTON;JOAO EVERTON DE ARAUJO MELO
19/08/2019 15:48:03;EC;EVERTON;JOAO EVERTON DE ARAUJO MELO
19/08/2019 15:49:30;EC;EVERTON;JOAO EVERTON DE ARAUJO MELO
19/08/2019 15:49:40;EC;EVERTON;JOAO EVERTON DE ARAUJO MELO
19/08/2019 15:50:45;EC;EVERTON;JOAO EVERTON DE ARAUJO MELO
19/08/2019 16:05:59;AR;AXELLM;AXEL LUCAS MELO               
19/08/2019 16:46:02;VC;EDVAN;EDVAN SILVA GOMES 
19/08/2019 16:54:21;IM;RICARDOIMP;RICARDO DOS SANTOS CARDOSO
19/08/2019 17:09:20;TE;DANIELPI;DANIEL DO NASCIMENTO ROCHA
19/08/2019 17:09:37;IM;RICARDOIMP;RICARDO DOS SANTOS CARDOSO
19/08/2019 17:22:57;M1;ISO;ISOMAR DE JESUS DE SOUSA SILVA
19/08/2019 17:25:31;FZ;PATRICK;PATRICK DE FRANCA
19/08/2019 17:26:05;M1;ISO;ISOMAR DE JESUS DE SOUSA SILVA
19/08/2019 17:37:11;RE;LUCASPE;LUCAS CAVALCANTI DE LIMA
19/08/2019 18:01:37;VC;LIDIANEVC;LIDIANE OLIVEIRA ROZENDO
19/08/2019 18:04:14;FZ;PATRICK;PATRICK DE FRANCA
19/08/2019 18:39:53;AP;JEFFERSON;JEFFERSON COELHO DA SILVA 
19/08/2019 18:41:35;AP;JEFFERSON;JEFFERSON COELHO DA SILVA 
20/08/2019 07:54:58;FZ;LOPESCE;HOWARD LOPES RIBEIRO
20/08/2019 08:02:42;VC;ELVISVC;ELVIS RIBEIRO GONCALVES
20/08/2019 08:09:23;M1;WALLACESR;WALLACE DE SOUSA RODRIGUES
20/08/2019 08:10:21;RE;CARLOSPE;CARLOS ALBERTO DA SILVA
20/08/2019 08:18:25;CG;FABIANOCG;FABIANO JOSE DA SILVA 
20/08/2019 08:18:27;AP;JHONNATAN;JHONNATAN NASCIMENTO EVARISTO
20/08/2019 08:26:12;TE;LOPESIMP;ANTONIO LOPES MAGALHAES FILHO
20/08/2019 08:26:49;TE;LOYOLA;DANIEL LOIOLA DA SILVA
20/08/2019 08:29:33;AP;JEFFERSON;JEFFERSON COELHO DA SILVA 
20/08/2019 08:31:24;M1;ROGERIOM;ROGERIO MOTA ALVES
20/08/2019 08:35:17;AP;JHONNATAN;JHONNATAN NASCIMENTO EVARISTO
20/08/2019 08:43:12;AP;EDINEIAP;EDINEI DOS SANTOS PINTO
20/08/2019 08:43:31;AP;ELDOSON;ELDOSON DA  CONCEICAO DUARTE
20/08/2019 08:43:31;AP;ELDOSON;ELDOSON DA  CONCEICAO DUARTE
20/08/2019 08:44:12;TE;LOYOLA;DANIEL LOIOLA DA SILVA
20/08/2019 08:47:14;CG;EMILIA;MARIA EMILIA DE ARAUJO PINHEIRO
20/08/2019 08:53:49;BH;EDILSON;EDILSON WAICHERT
20/08/2019 09:03:34;AP;EDINEIAP;EDINEI DOS SANTOS PINTO
20/08/2019 09:27:36;M1;TAVARES;CLAUDECIO EULALIO TAVARES
20/08/2019 09:28:13;M1;RENATOPA;RENATO PATRICK LEAL MONTEIRO
20/08/2019 09:29:19;M1;FABIO;FABIO MARTINS BARATA
20/08/2019 09:35:40;BH;EDILSON;EDILSON WAICHERT
20/08/2019 09:40:26;M1;FABIO;FABIO MARTINS BARATA
20/08/2019 09:46:46;EC;EMERSONADM;EMERSON MIRANDA CAMPOS 
20/08/2019 09:49:33;M1;WALBERT;WALBERT NAZARENO HOLANDA ARAUJO
20/08/2019 09:52:45;EC;EVERTON;JOAO EVERTON DE ARAUJO MELO
20/08/2019 10:03:41;M1;WALBERT;WALBERT NAZARENO HOLANDA ARAUJO
20/08/2019 10:04:12;FZ;HOLANDACE;LUCAS DE HOLANDA SOUSA 
20/08/2019 10:19:47;JF;VINICIUS;VINICIUS SOUZA SANTANA 
20/08/2019 10:19:52;RE;LUCASPE;LUCAS CAVALCANTI DE LIMA
20/08/2019 11:06:31;TE;TICIANO;TICIANO DE SOUSA RIEDEL
20/08/2019 11:09:42;FZ;PATRICK;PATRICK DE FRANCA
20/08/2019 11:39:58;SN;FABIOLIMA;FABIO JUNIOR DE LIMA          
20/08/2019 11:41:29;SN;CLAUDINEI;CLAUDINEI ZANGHELINI
20/08/2019 11:44:30;SN;GREG;JOSE ROSA DA SILVA
20/08/2019 12:13:26;M1;HENRIQUEPA;JOSE HENRIQUE DA COSTA ALVES
20/08/2019 13:24:21;CB;HEBER;HEBER ROGERIO DE ALMEIDA
20/08/2019 13:28:00;CB;HEBER;HEBER ROGERIO DE ALMEIDA
20/08/2019 14:20:06;TE;EDUARDOPI;CARLOS EDUARDO DOS SANTOS
20/08/2019 14:29:08;RE;ANDREPB;ANDRE MORAIS PEREIRA
20/08/2019 14:33:31;CB;JULIANOM;JULIANO AMARAL MATOS - FUNCIONARIO
20/08/2019 14:33:37;M1;AUGUSTOPA;AUGUSTO NERES DE AZEVEDO
20/08/2019 14:56:10;IM;RICARDOIMP;RICARDO DOS SANTOS CARDOSO
20/08/2019 14:58:59;EC;EVERTON;JOAO EVERTON DE ARAUJO MELO
20/08/2019 14:59:03;EC;EVERTON;JOAO EVERTON DE ARAUJO MELO
20/08/2019 15:02:03;AR;SANDINO;SANDINO BATISTA CAVALCANTI
20/08/2019 15:13:00;FZ;CAIOCE;WENDELL CAIO TAVARES CRUZ
20/08/2019 15:28:32;SA;EDUARDOBA;EDUARDO JORGE ALMEIDA DOS SANTOS
20/08/2019 15:29:31;SA;DEONES;DEONES ARAUJO DOS ANJOS
20/08/2019 15:31:08;SA;EDUARDOBA;EDUARDO JORGE ALMEIDA DOS SANTOS
20/08/2019 15:32:14;SA;DEONES;DEONES ARAUJO DOS ANJOS
20/08/2019 15:41:41;CB;HEBER;HEBER ROGERIO DE ALMEIDA
20/08/2019 15:56:00;CB;MARCELO;MARCELO CASAL LEMOS
20/08/2019 16:05:25;TE;TICIANO;TICIANO DE SOUSA RIEDEL
20/08/2019 16:40:01;BX;FABRICIOPB;FABRICIO ALVES BARROS
20/08/2019 16:40:26;M1;WALBERT;WALBERT NAZARENO HOLANDA ARAUJO
20/08/2019 16:48:18;RJ;DIEGORJ;DIEGO PEREIRA RODRIGUES
20/08/2019 16:56:27;BX;FABRICIOPB;FABRICIO ALVES BARROS
21/08/2019 07:45:52;CG;EMILIA;MARIA EMILIA DE ARAUJO PINHEIRO
21/08/2019 07:47:12;FZ;HOLANDACE;LUCAS DE HOLANDA SOUSA 
21/08/2019 08:05:11;FZ;HOLANDACE;LUCAS DE HOLANDA SOUSA 
21/08/2019 08:11:39;AP;JHONNATAN;JHONNATAN NASCIMENTO EVARISTO
21/08/2019 08:16:21;GO;JOVERCINO;JOVERCINO J D A JUNIOR
21/08/2019 08:23:18;SA;JOAOLUCAS;JOAO LUCAS NASCIMENTO OLIVEIRA
21/08/2019 08:33:27;CG;FABIANOCG;FABIANO JOSE DA SILVA 
21/08/2019 08:59:24;M1;FABIO;FABIO MARTINS BARATA
21/08/2019 09:01:31;FZ;ARAUJOCE;FRANCIMILSON DE ARAUJO
21/08/2019 09:03:35;TE;LOPESIMP;ANTONIO LOPES MAGALHAES FILHO
21/08/2019 09:12:15;EC;EVERTON;JOAO EVERTON DE ARAUJO MELO
21/08/2019 09:36:11;GO;JOVERCINO;JOVERCINO J D A JUNIOR
21/08/2019 09:52:41;GO;ANERMIRO;ANERMIRO FRANCISCO DA CONCEIÇÃO
21/08/2019 09:55:44;TE;LOYOLA;DANIEL LOIOLA DA SILVA
21/08/2019 10:06:52;M1;HENRIQUEPA;JOSE HENRIQUE DA COSTA ALVES
21/08/2019 10:23:04;GO;JOVERCINO;JOVERCINO J D A JUNIOR
21/08/2019 14:20:31;M1;WALBERT;WALBERT NAZARENO HOLANDA ARAUJO
21/08/2019 15:03:51;M1;ROGERIOM;ROGERIO MOTA ALVES
21/08/2019 15:13:03;M1;FABIO;FABIO MARTINS BARATA
21/08/2019 15:14:05;M1;ROMARIOPA;ROMARIO OLIVEIRA DA SILVA
21/08/2019 15:40:07;EC;EVERTON;JOAO EVERTON DE ARAUJO MELO
21/08/2019 15:40:12;EC;EVERTON;JOAO EVERTON DE ARAUJO MELO
21/08/2019 15:43:17;RE;SANDROPE;ALEXSANDRO EVANGELISTA DE LIRA
21/08/2019 15:47:24;M1;TAVARES;CLAUDECIO EULALIO TAVARES
21/08/2019 15:53:44;AP;EDINEIAP;EDINEI DOS SANTOS PINTO
21/08/2019 16:37:10;GO;ANERMIRO;ANERMIRO FRANCISCO DA CONCEIÇÃO
21/08/2019 16:41:48;AP;MICHELAP;MICHEL DE ALBUQUERQUE CARDOSO
21/08/2019 16:56:49;M1;AUGUSTOPA;AUGUSTO NERES DE AZEVEDO
21/08/2019 17:11:43;GO;ANERMIRO;ANERMIRO FRANCISCO DA CONCEIÇÃO
21/08/2019 17:39:58;MA;FELIX;FRANCISCO FELIX DA SILVA NETO
21/08/2019 17:40:10;MA;EDIVAL;EDIVAL DOS SANTOS 
21/08/2019 17:40:17;MA;ANDERSONWS;ANDERSON WELLINGTON  DA SILVA FERNANDES
21/08/2019 17:43:52;MA;ALISSONSS;ALISSON DA SILVA SANTOS
21/08/2019 17:45:11;MA;EDIVAL;EDIVAL DOS SANTOS 
21/08/2019 17:45:46;MA;FELIX;FRANCISCO FELIX DA SILVA NETO
21/08/2019 17:46:51;MA;EDIVAL;EDIVAL DOS SANTOS 
21/08/2019 17:47:30;MA;EDIVAL;EDIVAL DOS SANTOS 
21/08/2019 17:47:55;MA;EDIVAL;EDIVAL DOS SANTOS 
21/08/2019 17:48:45;MA;ALISSONSS;ALISSON DA SILVA SANTOS
21/08/2019 18:41:13;CB;HEBER;HEBER ROGERIO DE ALMEIDA
21/08/2019 18:47:32;CB;HEBER;HEBER ROGERIO DE ALMEIDA
22/08/2019 07:49:25;CG;ANDERSONCG;ANDERSON DIAS GONZAGA
22/08/2019 08:01:56;SA;JOAOLUCAS;JOAO LUCAS NASCIMENTO OLIVEIRA
22/08/2019 08:08:34;AP;JHONNATAN;JHONNATAN NASCIMENTO EVARISTO
22/08/2019 08:14:56;GO;ANERMIRO;ANERMIRO FRANCISCO DA CONCEIÇÃO
22/08/2019 08:17:38;AP;EDINEIAP;EDINEI DOS SANTOS PINTO
22/08/2019 08:18:47;MA;ALEF;ALEF LUIZ SANTOS DA SILVA
22/08/2019 08:18:55;AP;EDINEIAP;EDINEI DOS SANTOS PINTO
22/08/2019 08:19:05;AP;EDINEIAP;EDINEI DOS SANTOS PINTO
22/08/2019 08:44:10;GO;JOVERCINO;JOVERCINO J D A JUNIOR
22/08/2019 08:45:08;GO;JOSUEL;JOSUEL NUNES DA SILVA
22/08/2019 08:45:12;GO;ERICA;ERICA ALVES DE SOUSA
22/08/2019 08:45:46;GO;MAYCONL;MAYCON WANDERLEY LOURENCO
22/08/2019 08:46:41;GO;ERICA;ERICA ALVES DE SOUSA
22/08/2019 08:47:04;GO;JOSUEL;JOSUEL NUNES DA SILVA
22/08/2019 08:51:00;GO;VICTORGO;VICTOR HUGO EMIDIO
22/08/2019 08:54:59;TE;LOPESIMP;ANTONIO LOPES MAGALHAES FILHO
22/08/2019 08:55:23;GO;ONUNES;ORLANDO NUNES DE ALMEIDA JUNIOR
22/08/2019 08:56:35;CG;EMILIA;MARIA EMILIA DE ARAUJO PINHEIRO
22/08/2019 09:21:27;M1;HENRIQUEPA;JOSE HENRIQUE DA COSTA ALVES
22/08/2019 09:24:01;M1;HENRIQUEPA;JOSE HENRIQUE DA COSTA ALVES
22/08/2019 09:34:52;M1;FABIO;FABIO MARTINS BARATA
22/08/2019 09:35:36;GO;MAYCONL;MAYCON WANDERLEY LOURENCO
22/08/2019 10:23:36;M1;FABIO;FABIO MARTINS BARATA
22/08/2019 10:30:56;GO;ANERMIRO;ANERMIRO FRANCISCO DA CONCEIÇÃO
22/08/2019 11:16:46;FZ;CELSO;CELSO DE SANTANA VIEIRA
22/08/2019 11:25:35;SA;JOAOLUCAS;JOAO LUCAS NASCIMENTO OLIVEIRA
22/08/2019 11:42:44;CB;HEBER;HEBER ROGERIO DE ALMEIDA
22/08/2019 11:44:51;VC;LIDIANEVC;LIDIANE OLIVEIRA ROZENDO
22/08/2019 11:56:04;FZ;CAIOCE;WENDELL CAIO TAVARES CRUZ
22/08/2019 12:38:41;M1;HENRIQUEPA;JOSE HENRIQUE DA COSTA ALVES
22/08/2019 15:32:15;MA;VALDO;CLAUDEVALDO RODRIGUES DE BARROS 
22/08/2019 16:51:17;FZ;CAIOCE;WENDELL CAIO TAVARES CRUZ
22/08/2019 17:06:57;FZ;LEANDROCE;FRANCISCO LEANDRO CHAVES BATISTA
22/08/2019 17:28:01;GO;JOSUEL;JOSUEL NUNES DA SILVA
22/08/2019 17:57:25;SA;JOAOLUCAS;JOAO LUCAS NASCIMENTO OLIVEIRA
22/08/2019 18:04:18;EC;ROBERLANIO;JOSE ROBERLANIO DA SILVA SANTOS
22/08/2019 18:05:51;EC;ROBERLANIO;JOSE ROBERLANIO DA SILVA SANTOS
22/08/2019 18:10:17;CB;MARCELO;MARCELO CASAL LEMOS
22/08/2019 19:32:10;EC;WESLEYGO;WESLLEY ROBERTO DA SILVA
23/08/2019 07:59:28;FZ;CAIOCE;WENDELL CAIO TAVARES CRUZ
23/08/2019 07:59:29;FZ;CAIOCE;WENDELL CAIO TAVARES CRUZ
23/08/2019 08:06:58;AP;JHONNATAN;JHONNATAN NASCIMENTO EVARISTO
23/08/2019 08:07:59;M1;WALLACESR;WALLACE DE SOUSA RODRIGUES
23/08/2019 08:11:04;GO;ANERMIRO;ANERMIRO FRANCISCO DA CONCEIÇÃO
23/08/2019 08:13:38;FZ;LEANDROCE;FRANCISCO LEANDRO CHAVES BATISTA
23/08/2019 08:28:23;GO;JOVERCINO;JOVERCINO J D A JUNIOR
23/08/2019 09:06:55;AP;EDINEIAP;EDINEI DOS SANTOS PINTO
23/08/2019 09:41:30;EC;EVERTON;JOAO EVERTON DE ARAUJO MELO
23/08/2019 09:58:41;FZ;CELSO;CELSO DE SANTANA VIEIRA
23/08/2019 10:07:00;BX;FABRICIOPB;FABRICIO ALVES BARROS
23/08/2019 11:04:56;GO;JOVERCINO;JOVERCINO J D A JUNIOR
23/08/2019 11:44:51;SN;RAFAELPE;RAFAEL AUGUSTO DE ANDRADE
23/08/2019 13:15:58;FZ;PATRICK;PATRICK DE FRANCA
23/08/2019 14:23:26;EC;EVERTON;JOAO EVERTON DE ARAUJO MELO
23/08/2019 14:23:27;EC;EVERTON;JOAO EVERTON DE ARAUJO MELO
23/08/2019 15:05:45;GO;MAYCONL;MAYCON WANDERLEY LOURENCO
23/08/2019 15:23:49;GO;ANERMIRO;ANERMIRO FRANCISCO DA CONCEIÇÃO
23/08/2019 15:32:23;CB;MARCELO;MARCELO CASAL LEMOS
23/08/2019 15:40:18;SA;MARCUSBA;MARCUS VINICIUS LACERDA
23/08/2019 15:57:11;SN;LARISSASN;LARISSA MEDEIROS HIPOLITO
23/08/2019 16:01:10;RE;SANDROPE;ALEXSANDRO EVANGELISTA DE LIRA
23/08/2019 17:17:52;MA;GILMAMC;GILMA MARIA DA CONCEIÇÃO SANTOS
24/08/2019 08:04:00;AP;JHONNATAN;JHONNATAN NASCIMENTO EVARISTO
24/08/2019 09:02:56;EC;EVERTON;JOAO EVERTON DE ARAUJO MELO
24/08/2019 09:46:47;AP;JEFFERSON;JEFFERSON COELHO DA SILVA 
24/08/2019 09:52:36;FZ;CELSO;CELSO DE SANTANA VIEIRA
24/08/2019 09:54:09;M1;DAVIDPA;DAVID DE ALCANTARA LOBATO
24/08/2019 10:10:59;M1;HENRIQUEPA;JOSE HENRIQUE DA COSTA ALVES
24/08/2019 11:39:01;EC;EVERTON;JOAO EVERTON DE ARAUJO MELO
25/08/2019 22:16:56;GO;JOVERCINO;JOVERCINO J D A JUNIOR
26/08/2019 08:07:39;EC;EDUARDOGAM;EDUARDO GUERRA DA SILVA GAMEIRO
26/08/2019 08:09:57;MA;GILMAMC;GILMA MARIA DA CONCEIÇÃO SANTOS
26/08/2019 08:14:58;GO;MAYCONL;MAYCON WANDERLEY LOURENCO
26/08/2019 08:20:13;SA;JOAOLUCAS;JOAO LUCAS NASCIMENTO OLIVEIRA
26/08/2019 08:30:17;AP;JHONNATAN;JHONNATAN NASCIMENTO EVARISTO
26/08/2019 08:36:12;AP;JHONNATAN;JHONNATAN NASCIMENTO EVARISTO
26/08/2019 08:36:39;AP;JHONNATAN;JHONNATAN NASCIMENTO EVARISTO
26/08/2019 08:38:13;AP;JHONNATAN;JHONNATAN NASCIMENTO EVARISTO
26/08/2019 08:42:44;AP;JHONNATAN;JHONNATAN NASCIMENTO EVARISTO
26/08/2019 08:46:36;M1;WEBERTON;WEBERTON DOS SANTOS DA SILVA
26/08/2019 08:48:02;M1;WEBERTON;WEBERTON DOS SANTOS DA SILVA
26/08/2019 09:08:49;GO;JOVERCINO;JOVERCINO J D A JUNIOR
26/08/2019 09:12:50;GO;JOVERCINO;JOVERCINO J D A JUNIOR
26/08/2019 09:36:17;AP;EDINEIAP;EDINEI DOS SANTOS PINTO
26/08/2019 10:20:15;FZ;CAIOCE;WENDELL CAIO TAVARES CRUZ
26/08/2019 10:21:38;CB;MARCELO;MARCELO CASAL LEMOS
26/08/2019 10:29:51;M1;WEBERTON;WEBERTON DOS SANTOS DA SILVA
26/08/2019 10:32:58;FZ;PATRICK;PATRICK DE FRANCA
26/08/2019 10:39:33;GO;MAYCONL;MAYCON WANDERLEY LOURENCO
26/08/2019 10:48:27;VC;EDVAN;EDVAN SILVA GOMES 
26/08/2019 11:19:49;VC;AMANCIOVC;AMANCIO MARCOS RIBEIRO CORDEIRO
26/08/2019 11:41:07;IM;RICARDOIMP;RICARDO DOS SANTOS CARDOSO
26/08/2019 11:51:46;M1;HENRIQUEPA;JOSE HENRIQUE DA COSTA ALVES
26/08/2019 11:55:16;IM;RICARDOIMP;RICARDO DOS SANTOS CARDOSO
26/08/2019 11:56:37;CG;FABIANOCG;FABIANO JOSE DA SILVA 
26/08/2019 15:04:09;IM;RICARDOIMP;RICARDO DOS SANTOS CARDOSO
26/08/2019 15:06:43;GO;ONUNES;ORLANDO NUNES DE ALMEIDA JUNIOR
26/08/2019 15:15:22;M1;ROMARIOPA;ROMARIO OLIVEIRA DA SILVA
26/08/2019 15:47:37;GO;MAYCONL;MAYCON WANDERLEY LOURENCO
26/08/2019 15:50:38;BX;ADRIANOPE;ADRIANO DE OLIVEIRA
26/08/2019 16:02:20;AP;EDINEIAP;EDINEI DOS SANTOS PINTO
26/08/2019 16:05:56;EC;EVERTON;JOAO EVERTON DE ARAUJO MELO
26/08/2019 16:06:12;EC;EVERTON;JOAO EVERTON DE ARAUJO MELO
26/08/2019 16:06:18;EC;EVERTON;JOAO EVERTON DE ARAUJO MELO
26/08/2019 16:26:43;SL;JAIRON;JAIRON SILVA DA CONCEIÇÃO
26/08/2019 17:01:58;GO;VICTORGO;VICTOR HUGO EMIDIO
26/08/2019 17:13:21;CG;FRANCINETE;FRANCINETE BEZERRA DONATO
26/08/2019 17:29:54;EC;EMERSONADM;EMERSON MIRANDA CAMPOS 
26/08/2019 17:33:47;M1;WALLACESR;WALLACE DE SOUSA RODRIGUES
26/08/2019 17:35:22;M1;WALLACESR;WALLACE DE SOUSA RODRIGUES
27/08/2019 07:45:00;GO;MAYCONL;MAYCON WANDERLEY LOURENCO
27/08/2019 08:03:22;GO;ONUNES;ORLANDO NUNES DE ALMEIDA JUNIOR
27/08/2019 08:15:23;AP;EDINEIAP;EDINEI DOS SANTOS PINTO
27/08/2019 08:17:37;AR;SANDINO;SANDINO BATISTA CAVALCANTI
27/08/2019 08:24:52;IM;RICARDOIMP;RICARDO DOS SANTOS CARDOSO
27/08/2019 08:47:52;SA;JOAOLUCAS;JOAO LUCAS NASCIMENTO OLIVEIRA
27/08/2019 08:50:26;AP;JHONNATAN;JHONNATAN NASCIMENTO EVARISTO
27/08/2019 09:57:43;M1;FABIO;FABIO MARTINS BARATA
27/08/2019 10:51:44;BH;BRUNA;BRUNA DANIELLE OLIVEIRA QUEIROZ
27/08/2019 11:11:26;TE;DANIELPI;DANIEL DO NASCIMENTO ROCHA
27/08/2019 14:11:47;AR;JOSEMARCIO;JOSE MARCIO REGHINE
27/08/2019 14:28:00;FZ;PATRICK;PATRICK DE FRANCA
27/08/2019 15:05:33;CG;FABIANOCG;FABIANO JOSE DA SILVA 
27/08/2019 15:44:28;JN;JOSEMIR;JOSEMIR FERNANDES LEAL
27/08/2019 16:20:04;SL;FERNANDOMA;LUIZ FERNANDO ALVES FARIAS
27/08/2019 16:51:14;EC;EMERSONADM;EMERSON MIRANDA CAMPOS 
27/08/2019 16:51:49;VC;JONATHANAS;JONATHAN ALMEIDA SANTOS 
27/08/2019 16:54:05;AR;JOSEMARCIO;JOSE MARCIO REGHINE
27/08/2019 17:17:30;M1;ELIAS;ELIAS PINHEIRO LINHARES 
27/08/2019 17:35:20;SL;MAURO;MAURO DE FRANCA
28/08/2019 07:47:56;GO;JOVERCINO;JOVERCINO J D A JUNIOR
28/08/2019 07:47:57;GO;JOVERCINO;JOVERCINO J D A JUNIOR
28/08/2019 08:04:23;FZ;PATRICK;PATRICK DE FRANCA
28/08/2019 08:44:07;AP;JHONNATAN;JHONNATAN NASCIMENTO EVARISTO
28/08/2019 08:44:49;M1;CHARLES;CHARLES ANDRE DE OLIVEIRA LIMA
28/08/2019 09:15:03;GO;ANERMIRO;ANERMIRO FRANCISCO DA CONCEIÇÃO
28/08/2019 10:41:28;MA;ALEF;ALEF LUIZ SANTOS DA SILVA
28/08/2019 11:04:54;CG;ANDERSONCG;ANDERSON DIAS GONZAGA
28/08/2019 13:27:34;AP;EDINEIAP;EDINEI DOS SANTOS PINTO
28/08/2019 13:39:10;AR;JOSEMARCIO;JOSE MARCIO REGHINE
28/08/2019 13:48:08;AR;JOSEMARCIO;JOSE MARCIO REGHINE
28/08/2019 15:20:15;GO;ONUNES;ORLANDO NUNES DE ALMEIDA JUNIOR
28/08/2019 16:19:25;GO;VICTORGO;VICTOR HUGO EMIDIO
28/08/2019 16:47:15;JN;ANTONIOJN;ANTONIO CESAR MORAIS JUNIOR
28/08/2019 16:55:09;JN;GIUSEPPE;GIUSEPPE FABRIZIO CHAGAS DE SOUZA
28/08/2019 16:55:17;JN;ANTONIOJN;ANTONIO CESAR MORAIS JUNIOR
28/08/2019 16:55:29;JN;GIUSEPPE;GIUSEPPE FABRIZIO CHAGAS DE SOUZA
29/08/2019 08:21:08;AP;JHONNATAN;JHONNATAN NASCIMENTO EVARISTO
29/08/2019 08:22:09;CG;FABIANOCG;FABIANO JOSE DA SILVA 
29/08/2019 08:22:22;IM;RICARDOIMP;RICARDO DOS SANTOS CARDOSO
29/08/2019 08:28:21;IM;ESILTON;ESILTON AQUINO ALMEIDA
29/08/2019 08:33:11;AP;EDINEIAP;EDINEI DOS SANTOS PINTO
29/08/2019 09:06:27;VC;AMANCIOVC;AMANCIO MARCOS RIBEIRO CORDEIRO
29/08/2019 09:46:22;IM;RICARDOIMP;RICARDO DOS SANTOS CARDOSO
29/08/2019 10:04:33;SA;VITORBA;VITOR JOSE SANTANA DO NASCIMENTO
29/08/2019 11:06:31;SN;GREG;JOSE ROSA DA SILVA
29/08/2019 12:01:22;BX;IBRAIM;IBRAIM JOSE DA SILVA
29/08/2019 12:04:20;EC;EVERTON;JOAO EVERTON DE ARAUJO MELO
29/08/2019 14:36:28;TE;LOYOLA;DANIEL LOIOLA DA SILVA
29/08/2019 14:46:43;EC;EVERTON;JOAO EVERTON DE ARAUJO MELO
29/08/2019 14:53:13;IM;RICARDOIMP;RICARDO DOS SANTOS CARDOSO
29/08/2019 17:01:05;M1;FABIO;FABIO MARTINS BARATA
29/08/2019 17:03:14;M1;FABIO;FABIO MARTINS BARATA
29/08/2019 17:15:18;M1;FABIO;FABIO MARTINS BARATA
29/08/2019 17:29:59;AP;ELDOSON;ELDOSON DA  CONCEICAO DUARTE
29/08/2019 17:30:03;AP;ELDOSON;ELDOSON DA  CONCEICAO DUARTE
29/08/2019 17:31:23;AP;ELDOSON;ELDOSON DA  CONCEICAO DUARTE
29/08/2019 17:46:10;SL;CASSIOEP;CASSIO ENES PESTANA
29/08/2019 18:01:02;EC;EVERTON;JOAO EVERTON DE ARAUJO MELO
30/08/2019 08:27:13;AP;JHONNATAN;JHONNATAN NASCIMENTO EVARISTO
30/08/2019 08:36:51;MA;NEYAL;NEY ROBSON LIMA DE ARAUJO
30/08/2019 08:38:03;MA;NEYAL;NEY ROBSON LIMA DE ARAUJO
30/08/2019 08:38:17;MA;NEYAL;NEY ROBSON LIMA DE ARAUJO
30/08/2019 08:41:58;MA;ALEF;ALEF LUIZ SANTOS DA SILVA
30/08/2019 08:43:21;GO;VICTORGO;VICTOR HUGO EMIDIO
30/08/2019 09:23:48;FZ;MICHELCE;MICHEL DA SILVA MONTEIRO
30/08/2019 09:54:07;AP;EDINEIAP;EDINEI DOS SANTOS PINTO
30/08/2019 09:55:01;EC;WESLEYGO;WESLLEY ROBERTO DA SILVA
30/08/2019 10:05:35;MA;GILMAMC;GILMA MARIA DA CONCEIÇÃO SANTOS
30/08/2019 10:05:44;MA;ALISSONSS;ALISSON DA SILVA SANTOS
30/08/2019 10:22:51;MA;ANDERSONWS;ANDERSON WELLINGTON  DA SILVA FERNANDES
30/08/2019 10:43:49;MA;JEANAL;JEAN CARLOS CORREIA DA SILVA
30/08/2019 10:46:35;MA;JEANAL;JEAN CARLOS CORREIA DA SILVA
30/08/2019 12:47:53;CG;FRANCINETE;FRANCINETE BEZERRA DONATO
30/08/2019 12:57:42;NA;SAMUELSD;SAMUEL SILVA DIAS
30/08/2019 12:58:07;NA;SAMUELSD;SAMUEL SILVA DIAS
30/08/2019 14:19:54;IM;RICARDOIMP;RICARDO DOS SANTOS CARDOSO
30/08/2019 14:29:55;VC;ELVISVC;ELVIS RIBEIRO GONCALVES
30/08/2019 14:59:34;FZ;CAIOCE;WENDELL CAIO TAVARES CRUZ
30/08/2019 15:04:27;M1;FABIO;FABIO MARTINS BARATA
30/08/2019 15:12:18;MA;ALEF;ALEF LUIZ SANTOS DA SILVA
30/08/2019 15:14:36;SL;RAIMUNDOMA;RAIMUNDO PEREIRA DE FREITAS NETO
30/08/2019 15:54:28;SN;SIMONESN;SIMONE DA SILVA FRANCISCO
31/08/2019 08:13:52;AP;JHONNATAN;JHONNATAN NASCIMENTO EVARISTO
31/08/2019 08:33:59;MA;ALISSONSS;ALISSON DA SILVA SANTOS
31/08/2019 09:20:23;MA;FARLLYSON;FARLLYSON CLEYSON RODRIGUES SILVA
31/08/2019 09:39:39;MA;NEYAL;NEY ROBSON LIMA DE ARAUJO
02/09/2019 08:09:29;AP;JHONNATAN;JHONNATAN NASCIMENTO EVARISTO
02/09/2019 08:41:20;AP;EDINEIAP;EDINEI DOS SANTOS PINTO
02/09/2019 09:43:27;GO;VICTORGO;VICTOR HUGO EMIDIO
02/09/2019 10:12:09;GO;ONUNES;ORLANDO NUNES DE ALMEIDA JUNIOR
02/09/2019 12:08:57;RJ;MAURICIORJ;MAURICIO SANTOS DE OLIVEIRA 
02/09/2019 14:56:05;MA;ANDERSONWS;ANDERSON WELLINGTON  DA SILVA FERNANDES
02/09/2019 15:52:31;AP;EDINEIAP;EDINEI DOS SANTOS PINTO
02/09/2019 17:12:55;GO;VICTORGO;VICTOR HUGO EMIDIO
03/09/2019 08:08:10;AP;JHONNATAN;JHONNATAN NASCIMENTO EVARISTO
03/09/2019 10:10:53;IM;RICARDOIMP;RICARDO DOS SANTOS CARDOSO
03/09/2019 10:46:46;AP;EDINEIAP;EDINEI DOS SANTOS PINTO
03/09/2019 11:33:28;M1;HENRIQUEPA;JOSE HENRIQUE DA COSTA ALVES
03/09/2019 15:38:55;CG;FABIANOCG;FABIANO JOSE DA SILVA 
03/09/2019 16:12:50;SA;LEWISBA;LEWIS FRANCA DE ARAUJO
03/09/2019 16:25:52;CB;MARCELO;MARCELO CASAL LEMOS
03/09/2019 16:54:58;BX;ADRIANOPE;ADRIANO DE OLIVEIRA
04/09/2019 07:53:34;FZ;CAIOCE;WENDELL CAIO TAVARES CRUZ
04/09/2019 08:14:58;AP;JHONNATAN;JHONNATAN NASCIMENTO EVARISTO
04/09/2019 09:42:00;BH;ANDRELUIZ;ANDRE LUIZ FERNANDES
04/09/2019 12:38:58;CG;FABIANOCG;FABIANO JOSE DA SILVA 
04/09/2019 16:10:38;M1;RONALDO;RONALDO CORREA ARAUJO
04/09/2019 16:15:01;SL;MAURO;MAURO DE FRANCA
04/09/2019 17:21:32;AP;EDINEIAP;EDINEI DOS SANTOS PINTO
04/09/2019 17:41:57;BH;EDILSON;EDILSON WAICHERT
05/09/2019 08:14:38;AP;JHONNATAN;JHONNATAN NASCIMENTO EVARISTO
05/09/2019 08:15:18;AP;EDINEIAP;EDINEI DOS SANTOS PINTO
05/09/2019 08:27:38;EC;GILBERTOMA;GILBERTO DE JESUS MARTINS JÚNIOR
05/09/2019 08:36:23;M1;FELIPE;FELIPE ALENCAR SILVA
05/09/2019 08:40:05;FZ;PATRICK;PATRICK DE FRANCA
05/09/2019 08:49:34;MB;THYAGO;THYAGO DA SILVA FARIAS
05/09/2019 09:01:09;IM;RICARDOIMP;RICARDO DOS SANTOS CARDOSO
05/09/2019 09:11:01;IM;RICARDOIMP;RICARDO DOS SANTOS CARDOSO
05/09/2019 10:01:16;FZ;IGORCE;FRANCISCO IGOR ALVES PINHEIRO
05/09/2019 10:31:07;GO;VICTORGO;VICTOR HUGO EMIDIO
05/09/2019 11:31:07;FZ;LEANDROCE;FRANCISCO LEANDRO CHAVES BATISTA
05/09/2019 13:01:02;CB;MARCELO;MARCELO CASAL LEMOS
05/09/2019 13:50:40;FZ;JORGE;JORGE HENRIQUE CLAUDIO BEZERRA
05/09/2019 14:11:47;FZ;LOPESCE;HOWARD LOPES RIBEIRO
05/09/2019 14:24:18;M1;ELIAS;ELIAS PINHEIRO LINHARES 
05/09/2019 15:23:49;FZ;PATRICIOS;PATRICIO DE SOUSA ARAUJO     
05/09/2019 15:25:07;FZ;LEANDROCE;FRANCISCO LEANDRO CHAVES BATISTA
06/09/2019 07:49:23;FZ;IGORCE;FRANCISCO IGOR ALVES PINHEIRO
06/09/2019 08:06:46;AP;JHONNATAN;JHONNATAN NASCIMENTO EVARISTO
06/09/2019 08:14:13;GO;JOSUEL;JOSUEL NUNES DA SILVA
06/09/2019 08:38:34;AP;EDINEIAP;EDINEI DOS SANTOS PINTO
06/09/2019 09:24:53;RE;ANDREPB;ANDRE MORAIS PEREIRA
06/09/2019 09:25:27;FZ;LEANDROCE;FRANCISCO LEANDRO CHAVES BATISTA
06/09/2019 09:26:10;IM;RICARDOIMP;RICARDO DOS SANTOS CARDOSO
06/09/2019 09:37:30;GO;ONUNES;ORLANDO NUNES DE ALMEIDA JUNIOR
06/09/2019 09:59:14;CG;FRANCINETE;FRANCINETE BEZERRA DONATO
06/09/2019 10:17:41;TE;LOYOLA;DANIEL LOIOLA DA SILVA
06/09/2019 11:58:12;IM;RICARDOIMP;RICARDO DOS SANTOS CARDOSO
06/09/2019 12:56:53;BX;MONALIZA;MONALIZA ROSA DE LIMA
06/09/2019 13:25:29;FZ;MICHELCE;MICHEL DA SILVA MONTEIRO
06/09/2019 16:44:03;FZ;HOLANDACE;LUCAS DE HOLANDA SOUSA 
06/09/2019 16:44:42;CB;MARCELO;MARCELO CASAL LEMOS
06/09/2019 16:44:53;CB;MARCELO;MARCELO CASAL LEMOS
06/09/2019 16:45:08;CB;MARCELO;MARCELO CASAL LEMOS
06/09/2019 17:05:18;AR;JOSEMARCIO;JOSE MARCIO REGHINE
06/09/2019 17:27:18;AR;KELLYSE;KELLY REGINA ALMEIDA CARNEIRO 
06/09/2019 17:44:40;MB;VANESSA;VANESSA OLIVEIRA SANTOS
09/09/2019 08:05:44;AP;JHONNATAN;JHONNATAN NASCIMENTO EVARISTO
09/09/2019 09:13:53;GO;ONUNES;ORLANDO NUNES DE ALMEIDA JUNIOR
09/09/2019 09:17:52;AR;JOSEMARCIO;JOSE MARCIO REGHINE
09/09/2019 09:49:30;GO;ANERMIRO;ANERMIRO FRANCISCO DA CONCEIÇÃO
09/09/2019 10:45:25;VC;EDVAN;EDVAN SILVA GOMES 
09/09/2019 14:49:37;TE;LOPESIMP;ANTONIO LOPES MAGALHAES FILHO
09/09/2019 14:58:44;EC;LORENAMKT;LORENA MOREIRA DE SOUZA 
09/09/2019 15:04:30;M1;WALBERT;WALBERT NAZARENO HOLANDA ARAUJO
09/09/2019 16:09:23;AR;JOSEMARCIO;JOSE MARCIO REGHINE
09/09/2019 16:23:00;AR;JOSEMARCIO;JOSE MARCIO REGHINE
09/09/2019 16:50:46;LE;LEIDE;LEIDE DAIANE GUIMARAES DOS SANTOS
09/09/2019 17:53:40;EC;EVERTON;JOAO EVERTON DE ARAUJO MELO
09/09/2019 18:00:52;VC;JONATHANAS;JONATHAN ALMEIDA SANTOS 
09/09/2019 18:03:54;AR;SANDINO;SANDINO BATISTA CAVALCANTI
10/09/2019 04:26:27;EC;JUVERY;JUVERY TEIXEIRA DE ASSUNCAO   
10/09/2019 08:25:27;AP;JHONNATAN;JHONNATAN NASCIMENTO EVARISTO
10/09/2019 08:31:21;MA;LUIZCS;WASHINGTON LUIZ COSTA DA SILVA
10/09/2019 08:35:29;BH;EDUARDOMG;EDUARDO FERREIRA DOS SANTOS
10/09/2019 09:01:01;EC;LORENAMKT;LORENA MOREIRA DE SOUZA 
10/09/2019 09:46:16;FZ;CAIOCE;WENDELL CAIO TAVARES CRUZ
10/09/2019 10:06:13;FZ;CAIOCE;WENDELL CAIO TAVARES CRUZ
10/09/2019 10:10:16;EC;JUVERY;JUVERY TEIXEIRA DE ASSUNCAO   
10/09/2019 10:52:10;M1;EUDESRPA;EUDES LUIGUI SILVA RIBEIRO
10/09/2019 10:52:13;FZ;CELSO;CELSO DE SANTANA VIEIRA
10/09/2019 11:44:15;IM;RICARDOIMP;RICARDO DOS SANTOS CARDOSO
10/09/2019 12:00:44;EC;EVERTON;JOAO EVERTON DE ARAUJO MELO
10/09/2019 14:24:59;AR;JOSEMARCIO;JOSE MARCIO REGHINE
10/09/2019 14:29:09;AR;JUNIORSE;JUNIOR ANTONIO SILVA
10/09/2019 16:45:54;FZ;ARAUJOCE;FRANCIMILSON DE ARAUJO
10/09/2019 16:47:34;MA;ANDERSONWS;ANDERSON WELLINGTON  DA SILVA FERNANDES
10/09/2019 17:21:44;BX;FABRICIOPB;FABRICIO ALVES BARROS
10/09/2019 17:33:21;BH;ANDRELUIZ;ANDRE LUIZ FERNANDES
19/09/2019 09:36:16;EC;JUVERY;JUVERY TEIXEIRA DE ASSUNCAO   
19/09/2019 09:43:36;CG;FRANCINETE;FRANCINETE BEZERRA DONATO
19/09/2019 09:44:35;CG;FRANCINETE;FRANCINETE BEZERRA DONATO
19/09/2019 18:15:00;EC;WESLEYGO;WESLLEY ROBERTO DA SILVA
20/09/2019 08:31:11;VC;JONATHANAS;JONATHAN ALMEIDA SANTOS 
20/09/2019 10:46:43;BX;FABRICIOPB;FABRICIO ALVES BARROS
20/09/2019 11:16:34;BX;FABRICIOPB;FABRICIO ALVES BARROS
20/09/2019 12:08:17;EC;JUVERY;JUVERY TEIXEIRA DE ASSUNCAO   
20/09/2019 14:54:34;AR;SANDINO;SANDINO BATISTA CAVALCANTI
20/09/2019 17:24:37;MA;GILMAMC;GILMA MARIA DA CONCEIÇÃO SANTOS
08/10/2019 16:41:26;MB;VANESSA;VANESSA OLIVEIRA SANTOS
08/10/2019 17:33:28;EC;EVERTON;JOAO EVERTON DE ARAUJO MELO
08/10/2019 17:37:35;RJ;BRUNOSB;BRUNO SILVA BARBOSA
08/10/2019 18:05:44;EC;RICARDOLOP;RICARDO WENDELL PEREIRA LOPES
08/10/2019 18:08:14;EC;EVERTON;JOAO EVERTON DE ARAUJO MELO
08/10/2019 18:20:12;BH;ANDRELUIZ;ANDRE LUIZ FERNANDES
08/10/2019 18:22:01;BH;HIVINY;HIVINY ALVES PRIMO
08/10/2019 18:22:45;BH;EDILSON;EDILSON WAICHERT
08/10/2019 18:24:23;RE;LUCASPE;LUCAS CAVALCANTI DE LIMA
09/10/2019 09:43:33;AP;JHONNATAN;JHONNATAN NASCIMENTO EVARISTO
09/10/2019 11:58:51;IM;ARTONGIL;ARTONGIL BORGES FEITOSA
09/10/2019 16:07:39;JN;ANTONIOJN;ANTONIO CESAR MORAIS JUNIOR
09/10/2019 19:28:16;IM;RICARDOIMP;RICARDO DOS SANTOS CARDOSO
10/10/2019 11:22:16;EC;RENAN;RENAN DE MIRANDA VICENTE
10/10/2019 15:13:14;FZ;LOPESCE;HOWARD LOPES RIBEIRO
10/10/2019 18:01:53;CB;MARCELO;MARCELO CASAL LEMOS
11/10/2019 15:22:38;AR;SANDINO;SANDINO BATISTA CAVALCANTI
14/10/2019 10:15:55;CB;MARCELO;MARCELO CASAL LEMOS
14/10/2019 10:18:07;CB;MARCELO;MARCELO CASAL LEMOS
14/10/2019 13:17:47;AR;SANDINO;SANDINO BATISTA CAVALCANTI
14/10/2019 15:01:15;AR;JOSEMARCIO;JOSE MARCIO REGHINE
14/10/2019 18:17:25;MA;GILMAMC;GILMA MARIA DA CONCEIÇÃO SANTOS
14/10/2019 22:54:44;EC;ROBERLANIO;JOSE ROBERLANIO DA SILVA SANTOS
15/10/2019 09:40:47;SA;RIBEIROBA;LUIS RIBEIRO DA SILVA
15/10/2019 11:17:43;AP;JHONNATAN;JHONNATAN NASCIMENTO EVARISTO
15/10/2019 15:40:44;EC;EVERTON;JOAO EVERTON DE ARAUJO MELO
15/10/2019 17:07:14;AR;JOSEMARCIO;JOSE MARCIO REGHINE
28/10/2019 16:42:56;EC;EVERTON;JOAO EVERTON DE ARAUJO MELO
28/10/2019 16:44:11;RE;ANDREPB;ANDRE MORAIS PEREIRA
28/10/2019 17:41:23;MA;FELIX;FRANCISCO FELIX DA SILVA NETO
29/10/2019 10:52:31;FZ;MICHELCE;MICHEL DA SILVA MONTEIRO
29/10/2019 10:52:32;FZ;MICHELCE;MICHEL DA SILVA MONTEIRO
29/10/2019 18:12:44;EC;RICARDOLOP;RICARDO WENDELL PEREIRA LOPES
30/10/2019 10:18:12;EC;JUVERY;JUVERY TEIXEIRA DE ASSUNCAO   
30/10/2019 12:45:06;GO;JOVERCINO;JOVERCINO J D A JUNIOR
30/10/2019 13:49:41;SA;ANDREFBA;LUIZ ANDRE FRANCA ANDRADE
30/10/2019 18:27:59;BH;EDUARDOMG;EDUARDO FERREIRA DOS SANTOS
30/10/2019 18:35:49;SL;VICENTEMA;VICENTE LEMES DO PRADO JUNIOR
01/11/2019 13:06:26;M1;ROGERIOM;ROGERIO MOTA ALVES
04/11/2019 15:55:27;MA;HYGORRG;HYGOR ALBERT ROCHA GOES 
05/11/2019 12:36:15;MA;ROSANEAL;ROSANE LEITE DA SILVA
06/11/2019 11:05:08;NA;FABIORN;FABIO DE OLIVEIRA SILVA
06/11/2019 16:13:26;NA;FABIORN;FABIO DE OLIVEIRA SILVA
06/11/2019 18:34:53;BH;HIVINY;HIVINY ALVES PRIMO
07/11/2019 12:28:27;NA;SAMUELSD;SAMUEL SILVA DIAS
07/11/2019 16:19:22;AR;AXELLM;AXEL LUCAS MELO               
07/11/2019 19:21:00;FZ;MICHELCE;MICHEL DA SILVA MONTEIRO
08/11/2019 12:11:29;NA;FABIORN;FABIO DE OLIVEIRA SILVA
08/11/2019 12:53:08;EC;RENAN;RENAN DE MIRANDA VICENTE
08/11/2019 14:16:08;AR;JUNIORSE;JUNIOR ANTONIO SILVA
11/11/2019 11:52:08;AR;JUNIORSE;JUNIOR ANTONIO SILVA
11/11/2019 13:58:32;AR;SANDINO;SANDINO BATISTA CAVALCANTI
11/11/2019 18:28:22;AR;SANDINO;SANDINO BATISTA CAVALCANTI
12/11/2019 18:44:34;M1;CHARLES;CHARLES ANDRE DE OLIVEIRA LIMA
12/11/2019 18:45:28;M1;CHARLES;CHARLES ANDRE DE OLIVEIRA LIMA
13/11/2019 16:00:45;CB;WILSONMT;WILSON ALVES DE AQUINO
14/11/2019 01:10:52;EC;EUDESGO;EUDES FRANCISCO RAMOS
14/11/2019 09:37:13;SL;JAIRON;JAIRON SILVA DA CONCEIÇÃO
18/11/2019 13:35:15;MA;NEYAL;NEY ROBSON LIMA DE ARAUJO
